=================================================
COMPOSE_PASS="BEFORE BUILD"
COMPOSE_PASS_VAL="BEFORE BUILD"
COMPOSE_PASS_NO_VAL="BEFORE BUILD"
__UNKNOWN_VAR__="BEFORE BUILD"
=================================================
[dotenvx@1.6.4] injecting env (4) from dotenv.env
#0 building with "desktop-linux" instance using docker driver

#1 [flox internal] load build definition from Dockerfile
#1 transferring dockerfile: 334B done
#1 WARN: JSONArgsRecommended: JSON arguments recommended for CMD to prevent unintended behavior related to OS signals (line 14)
#1 DONE 0.0s

#2 [flox internal] load metadata for ghcr.io/flox/flox:latest
#2 DONE 0.0s

#3 [flox internal] load .dockerignore
#3 transferring context: 2B done
#3 DONE 0.0s

#4 [flox 1/3] FROM ghcr.io/flox/flox:latest
#4 DONE 0.0s

#5 [flox internal] load build context
#5 transferring context: 35B done
#5 DONE 0.0s

#6 [flox 2/3] COPY print_vars.sh /print_vars
#6 CACHED

#7 [flox 3/3] RUN chmod 777 /print_vars
#7 CACHED

#8 [flox] exporting to image
#8 exporting layers done
#8 writing image sha256:047fe9605241c1ad7ed7fce555f8b4b466cd856e95b303303f12efcef50fb3dc done
#8 naming to docker.io/library/docker-vars-flox done
#8 DONE 0.0s
[dotenvx@1.6.4] injecting env (4) from dotenv.env
Attaching to flox-1
flox-1  | ╭─────────────────────┬───────────────────────────────────────╮
flox-1  | │ Variable            │ Value                                 │
flox-1  | ├─────────────────────┼───────────────────────────────────────┤
flox-1  | │ HELLO_ENV_VARIABLE  │ Hello from Dockerfile                 │
flox-1  | │ HELLO_BUILD_ARG     │ Hello from docker-compose build args  │
flox-1  | │ HELLO_MESSAGE       │                                       │
flox-1  | │ HELLO_COMPOSE_ENV   │ Hello from docker-compose environment │
flox-1  | │ COMPOSE_ONLY        │ Set only in compose                   │
flox-1  | │ COMPOSE_PASS        │ Passing through BEFORE BUILD          │
flox-1  | │ COMPOSE_PASS_VAL    │ BEFORE BUILD                          │
flox-1  | │ COMPOSE_PASS_NO_VAL │ BEFORE BUILD                          │
flox-1  | │ __UNKNOWN_VAR__     │                                       │
flox-1  | ╰─────────────────────┴───────────────────────────────────────╯
[Kflox-1 exited with code 0
=================================================
COMPOSE_PASS="--UPDATED AFTER-- BUILD"
COMPOSE_PASS_VAL="--UPDATED AFTER-- BUILD"
COMPOSE_PASS_NO_VAL="--UPDATED AFTER-- BUILD"
__UNKNOWN_VAR__="--UPDATED AFTER-- BUILD"
=================================================
[dotenvx@1.6.4] injecting env (4) from dotenv.env
Attaching to flox-1
flox-1  | ╭─────────────────────┬─────────────────────────────────────────╮
flox-1  | │ Variable            │ Value                                   │
flox-1  | ├─────────────────────┼─────────────────────────────────────────┤
flox-1  | │ HELLO_ENV_VARIABLE  │ Hello from Dockerfile                   │
flox-1  | │ HELLO_BUILD_ARG     │ Hello from docker-compose build args    │
flox-1  | │ HELLO_MESSAGE       │                                         │
flox-1  | │ HELLO_COMPOSE_ENV   │ Hello from docker-compose environment   │
flox-1  | │ COMPOSE_ONLY        │ Set only in compose                     │
flox-1  | │ COMPOSE_PASS        │ Passing through --UPDATED AFTER-- BUILD │
flox-1  | │ COMPOSE_PASS_VAL    │ --UPDATED AFTER-- BUILD                 │
flox-1  | │ COMPOSE_PASS_NO_VAL │ --UPDATED AFTER-- BUILD                 │
flox-1  | │ __UNKNOWN_VAR__     │                                         │
flox-1  | ╰─────────────────────┴─────────────────────────────────────────╯
[Kflox-1 exited with code 0
